TN:
SF:src/lib/emailValidation.js
FN:1,validateEmail
FNF:1
FNH:1
FNDA:3,validateEmail
DA:1,1
DA:2,3
DA:3,1
DA:4,1
DA:5,1
DA:6,1
DA:7,1
DA:9,2
DA:10,2
DA:12,3
DA:13,1
DA:14,1
DA:15,1
DA:16,1
DA:17,1
DA:19,1
DA:20,1
DA:21,1
DA:22,1
DA:23,1
LF:20
LH:20
BRDA:1,0,0,3
BRDA:2,1,0,1
BRDA:7,2,0,2
BRDA:12,3,0,1
BRF:4
BRH:4
end_of_record
TN:
SF:src/lib/fullnameValidation.js
FN:1,validateFullname
FNF:1
FNH:1
FNDA:4,validateFullname
DA:1,1
DA:2,4
DA:3,4
DA:4,4
DA:5,4
DA:6,4
DA:7,4
DA:8,1
DA:9,1
DA:10,1
DA:11,1
DA:12,1
DA:14,4
DA:15,0
DA:16,0
DA:17,0
DA:18,0
DA:19,0
DA:21,4
DA:22,0
DA:23,0
DA:24,0
DA:25,0
DA:26,0
DA:28,3
DA:29,4
DA:30,1
DA:31,1
DA:32,1
DA:33,1
DA:34,1
DA:36,2
DA:37,4
DA:38,1
DA:39,1
DA:40,1
DA:41,1
DA:42,1
DA:44,1
DA:45,1
DA:46,1
DA:47,1
DA:48,1
LF:43
LH:33
BRDA:1,0,0,4
BRDA:7,1,0,1
BRDA:12,2,0,3
BRDA:14,3,0,0
BRDA:19,4,0,3
BRDA:21,5,0,0
BRDA:26,6,0,3
BRDA:29,7,0,1
BRDA:34,8,0,2
BRDA:37,9,0,1
BRF:10
BRH:8
end_of_record
TN:
SF:src/lib/passwordValidation.js
FN:1,validatePassword
FN:17,getPasswordStrength
FNF:2
FNH:2
FNDA:5,validatePassword
FNDA:1,getPasswordStrength
DA:1,1
DA:2,5
DA:3,5
DA:4,5
DA:5,5
DA:6,5
DA:8,5
DA:10,5
DA:11,5
DA:12,5
DA:13,5
DA:14,5
DA:15,5
DA:17,1
DA:18,1
DA:19,1
DA:20,1
DA:21,1
DA:22,1
DA:23,0
DA:24,0
DA:25,0
DA:26,0
DA:27,0
LF:24
LH:19
BRDA:1,0,0,5
BRDA:13,1,0,2
BRDA:13,2,0,3
BRDA:8,3,0,12
BRDA:17,4,0,1
BRDA:21,5,0,0
BRDA:22,6,0,0
BRF:7
BRH:5
end_of_record
TN:
SF:src/lib/phoneValidation.js
FN:1,validatePhone
FNF:1
FNH:1
FNDA:3,validatePhone
DA:1,1
DA:2,3
DA:3,3
DA:4,3
DA:5,3
DA:6,3
DA:7,3
DA:8,0
DA:9,0
DA:10,0
DA:11,0
DA:12,0
DA:14,3
DA:15,3
DA:16,3
DA:17,3
DA:18,3
DA:19,3
DA:20,3
DA:21,3
DA:22,3
DA:23,3
DA:24,1
DA:25,1
DA:26,1
DA:27,1
DA:28,1
DA:30,2
DA:31,2
DA:32,2
DA:33,2
DA:34,2
LF:32
LH:27
BRDA:1,0,0,3
BRDA:7,1,0,0
BRDA:23,2,0,2
BRDA:23,3,0,1
BRDA:28,4,0,2
BRF:5
BRH:4
end_of_record
TN:
SF:src/lib/tokenManager.js
FN:10,setTokens
FN:34,getToken
FN:62,getRefreshToken
FN:79,isRemembered
FN:83,clearAllTokens
FN:100,isTokenExpired
FN:116,getTokenInfo
FNF:7
FNH:7
FNDA:18,setTokens
FNDA:21,getToken
FNDA:12,getRefreshToken
FNDA:6,isRemembered
FNDA:52,clearAllTokens
FNDA:13,isTokenExpired
FNDA:4,getTokenInfo
DA:1,1
DA:3,1
DA:4,1
DA:5,1
DA:6,1
DA:7,1
DA:10,1
DA:11,18
DA:12,18
DA:14,18
DA:15,18
DA:16,12
DA:17,12
DA:18,12
DA:19,11
DA:20,11
DA:21,12
DA:22,6
DA:23,6
DA:24,6
DA:25,4
DA:26,4
DA:27,6
DA:29,18
DA:30,18
DA:31,18
DA:32,18
DA:34,1
DA:35,21
DA:36,21
DA:38,9
DA:39,9
DA:40,21
DA:41,1
DA:42,1
DA:43,1
DA:44,0
DA:45,0
DA:46,1
DA:47,1
DA:49,8
DA:50,8
DA:51,21
DA:52,0
DA:53,0
DA:54,0
DA:55,0
DA:56,0
DA:57,0
DA:58,0
DA:59,8
DA:60,8
DA:62,1
DA:63,12
DA:65,7
DA:66,9
DA:67,1
DA:68,1
DA:69,1
DA:71,6
DA:72,9
DA:73,0
DA:74,0
DA:75,0
DA:76,6
DA:77,6
DA:79,1
DA:80,6
DA:81,6
DA:83,1
DA:84,52
DA:85,52
DA:86,52
DA:88,52
DA:89,52
DA:90,52
DA:91,52
DA:93,52
DA:94,52
DA:95,52
DA:96,52
DA:98,1
DA:100,1
DA:101,13
DA:102,11
DA:103,11
DA:104,11
DA:105,11
DA:106,11
DA:107,11
DA:108,11
DA:109,13
DA:110,2
DA:111,2
DA:112,2
DA:113,13
DA:115,1
DA:116,1
DA:117,4
DA:118,4
DA:120,3
DA:121,3
DA:122,3
DA:123,3
DA:124,3
DA:125,3
DA:126,3
DA:127,3
DA:128,3
DA:129,4
DA:130,1
DA:131,1
DA:132,1
DA:133,4
LF:114
LH:102
BRDA:10,0,0,18
BRDA:15,1,0,12
BRDA:18,2,0,11
BRDA:21,3,0,6
BRDA:24,4,0,4
BRDA:31,5,0,3
BRDA:34,6,0,21
BRDA:36,7,0,12
BRDA:36,8,0,9
BRDA:40,9,0,1
BRDA:43,10,0,0
BRDA:47,11,0,8
BRDA:51,12,0,0
BRDA:58,13,0,8
BRDA:62,14,0,12
BRDA:63,15,0,5
BRDA:63,16,0,9
BRDA:63,17,0,7
BRDA:66,18,0,1
BRDA:69,19,0,6
BRDA:72,20,0,0
BRDA:75,21,0,6
BRDA:79,22,0,6
BRDA:80,23,0,4
BRDA:83,24,0,52
BRDA:100,25,0,13
BRDA:101,26,0,2
BRDA:101,27,0,11
BRDA:109,28,0,2
BRDA:116,29,0,4
BRDA:118,30,0,1
BRDA:118,31,0,3
BRDA:129,32,0,1
BRF:33
BRH:30
end_of_record
TN:
SF:src/lib/usernameValidation.js
FN:1,validateUsername
FNF:1
FNH:1
FNDA:4,validateUsername
DA:1,1
DA:2,4
DA:3,4
DA:4,4
DA:5,4
DA:6,4
DA:7,4
DA:8,4
DA:9,0
DA:10,0
DA:11,0
DA:12,0
DA:13,0
DA:15,4
DA:16,1
DA:17,1
DA:18,1
DA:19,1
DA:20,1
DA:22,4
DA:23,0
DA:24,0
DA:25,0
DA:26,0
DA:27,0
DA:29,4
DA:30,1
DA:31,1
DA:32,1
DA:33,1
DA:34,1
DA:36,4
DA:37,1
DA:38,1
DA:39,1
DA:40,1
DA:41,1
DA:43,1
DA:44,1
DA:45,1
DA:46,1
DA:47,1
LF:42
LH:32
BRDA:1,0,0,4
BRDA:8,1,0,0
BRDA:15,2,0,1
BRDA:20,3,0,3
BRDA:22,4,0,0
BRDA:27,5,0,3
BRDA:29,6,0,1
BRDA:34,7,0,2
BRDA:36,8,0,1
BRF:9
BRH:7
end_of_record
